Command line invocation:
    /Applications/Xcode.app/Contents/Developer/usr/bin/xcodebuild -project SSHTerminal.xcodeproj -scheme SSHTerminal -sdk iphonesimulator -destination "platform=iOS Simulator,name=iPhone 15 Pro" clean build

Build settings from command line:
    SDKROOT = iphonesimulator26.2

Resolve Package Graph


Resolved source packages:
  swift-asn1: https://github.com/apple/swift-asn1.git @ 1.5.1
  swift-nio-ssh: https://github.com/Joannis/swift-nio-ssh.git @ 0.3.5
  Citadel: https://github.com/orlandos-nl/Citadel.git @ 0.12.0
  swift-collections: https://github.com/apple/swift-collections.git @ 1.3.0
  swift-nio: https://github.com/apple/swift-nio.git @ 2.94.0
  swift-atomics: https://github.com/apple/swift-atomics.git @ 1.3.0
  swift-crypto: https://github.com/apple/swift-crypto.git @ 3.15.1
  swift-system: https://github.com/apple/swift-system.git @ 1.6.4
  SwiftTerm: https://github.com/migueldeicaza/SwiftTerm.git @ 1.10.1
  BigInt: https://github.com/attaswift/BigInt.git @ 5.7.0
  swift-argument-parser: https://github.com/apple/swift-argument-parser @ 1.7.0
  swift-log: https://github.com/apple/swift-log.git @ 1.9.1

2026-02-10 20:29:33.334 xcodebuild[12963:247315] [MT] IDERunDestination: Supported platforms for the buildables in the current scheme is empty.
2026-02-10 20:30:33.371 xcodebuild[12963:247315] Writing error result bundle to /var/folders/r6/jwlj36v55z98fc8m4qhrqqhm0000gn/T/ResultBundle_2026-10-02_20-30-0033.xcresult
xcodebuild: error: Unable to find a device matching the provided destination specifier:
		{ platform:iOS Simulator, OS:latest, name:iPhone 15 Pro }

	The requested device could not be found because no available devices matched the request.

	Available destinations for the "SSHTerminal" scheme:
		{ platform:macOS, arch:arm64, variant:Designed for [iPad,iPhone], id:00008132-001858D80CA1801C, name:My Mac }
		{ platform:iOS, arch:arm64, id:00008140-0009749C3CC2801C, name:Alicia's Newest Fucking Phone }
		{ platform:iOS, arch:arm64, id:00008101-000219580C28801E, name:iPad }
		{ platform:iOS, id:dvtdevice-DVTiPhonePlaceholder-iphoneos:placeholder, name:Any iOS Device }
		{ platform:iOS Simulator, id:dvtdevice-DVTiOSDeviceSimulatorPlaceholder-iphonesimulator:placeholder, name:Any iOS Simulator Device }
		{ platform:iOS Simulator, arch:arm64, id:650A8F3C-C82E-432A-BADF-F4A613A12FC4, OS:18.6, name:iPad (A16) }
		{ platform:iOS Simulator, arch:x86_64, id:650A8F3C-C82E-432A-BADF-F4A613A12FC4, OS:18.6, name:iPad (A16) }
		{ platform:iOS Simulator, arch:arm64, id:CBEE1D5C-3677-418E-B9B0-F0A9C978CA7B, OS:26.2, name:iPad (A16) }
		{ platform:iOS Simulator, arch:arm64, id:47A80D47-80FD-4020-9696-89277803760C, OS:18.6, name:iPad Air 11-inch (M3) }
		{ platform:iOS Simulator, arch:x86_64, id:47A80D47-80FD-4020-9696-89277803760C, OS:18.6, name:iPad Air 11-inch (M3) }
		{ platform:iOS Simulator, arch:arm64, id:7D47EFE3-4011-443B-B563-73EAA249E091, OS:26.2, name:iPad Air 11-inch (M3) }
		{ platform:iOS Simulator, arch:arm64, id:C060494A-AC53-43E4-93C5-64AEF93A5F0A, OS:18.6, name:iPad Air 13-inch (M3) }
		{ platform:iOS Simulator, arch:x86_64, id:C060494A-AC53-43E4-93C5-64AEF93A5F0A, OS:18.6, name:iPad Air 13-inch (M3) }
		{ platform:iOS Simulator, arch:arm64, id:8A4F1193-5737-462E-BD08-3A0389CE5B31, OS:26.2, name:iPad Air 13-inch (M3) }
		{ platform:iOS Simulator, arch:arm64, id:D02236D4-F8F9-4B80-8024-F10F0CB0C5AC, OS:18.6, name:iPad Pro 11-inch (M4) }
		{ platform:iOS Simulator, arch:x86_64, id:D02236D4-F8F9-4B80-8024-F10F0CB0C5AC, OS:18.6, name:iPad Pro 11-inch (M4) }
		{ platform:iOS Simulator, arch:arm64, id:DDAF7E7D-BA68-426A-8848-41B2A9EDEDE8, OS:26.2, name:iPad Pro 11-inch (M5) }
		{ platform:iOS Simulator, arch:arm64, id:1B910AB3-3923-47BC-99DA-A6C72C7C6F99, OS:18.6, name:iPad Pro 13-inch (M4) }
		{ platform:iOS Simulator, arch:x86_64, id:1B910AB3-3923-47BC-99DA-A6C72C7C6F99, OS:18.6, name:iPad Pro 13-inch (M4) }
		{ platform:iOS Simulator, arch:arm64, id:C746E790-9918-4FB0-8F3B-9B223D24CF4A, OS:26.2, name:iPad Pro 13-inch (M5) }
		{ platform:iOS Simulator, arch:arm64, id:6D704D6A-6A0B-4AE1-8249-F58586D4A377, OS:18.6, name:iPad mini (A17 Pro) }
		{ platform:iOS Simulator, arch:x86_64, id:6D704D6A-6A0B-4AE1-8249-F58586D4A377, OS:18.6, name:iPad mini (A17 Pro) }
		{ platform:iOS Simulator, arch:arm64, id:A091C0C8-891E-4B48-BE69-37A1610C9AB8, OS:26.2, name:iPad mini (A17 Pro) }
		{ platform:iOS Simulator, arch:arm64, id:472C2411-9F9C-4EE3-9537-BBAD85F87C7D, OS:18.6, name:iPhone 16 }
		{ platform:iOS Simulator, arch:x86_64, id:472C2411-9F9C-4EE3-9537-BBAD85F87C7D, OS:18.6, name:iPhone 16 }
		{ platform:iOS Simulator, arch:arm64, id:7B17D72D-8EAE-45E7-8E6D-B9BD43244535, OS:18.6, name:iPhone 16 Plus }
		{ platform:iOS Simulator, arch:x86_64, id:7B17D72D-8EAE-45E7-8E6D-B9BD43244535, OS:18.6, name:iPhone 16 Plus }
		{ platform:iOS Simulator, arch:arm64, id:0BF4388C-ABCB-4DA2-86B0-96A7BBE98864, OS:18.6, name:iPhone 16 Pro }
		{ platform:iOS Simulator, arch:x86_64, id:0BF4388C-ABCB-4DA2-86B0-96A7BBE98864, OS:18.6, name:iPhone 16 Pro }
		{ platform:iOS Simulator, arch:arm64, id:8069C72D-7942-4457-9672-8648B4573D8F, OS:18.6, name:iPhone 16 Pro Max }
		{ platform:iOS Simulator, arch:x86_64, id:8069C72D-7942-4457-9672-8648B4573D8F, OS:18.6, name:iPhone 16 Pro Max }
		{ platform:iOS Simulator, arch:arm64, id:7D51281B-BD27-48C0-98D6-17BDA8932243, OS:18.6, name:iPhone 16e }
		{ platform:iOS Simulator, arch:x86_64, id:7D51281B-BD27-48C0-98D6-17BDA8932243, OS:18.6, name:iPhone 16e }
		{ platform:iOS Simulator, arch:arm64, id:93228126-9CEE-48D6-9B9C-3340630D131D, OS:26.2, name:iPhone 16e }
		{ platform:iOS Simulator, arch:arm64, id:B809565B-49B4-4122-8B31-92D4BD6E493D, OS:26.2, name:iPhone 17 }
		{ platform:iOS Simulator, arch:arm64, id:1C723550-2C71-4F07-8AF9-1485D5B55853, OS:26.2, name:iPhone 17 Pro }
		{ platform:iOS Simulator, arch:arm64, id:D9721CAF-D003-44A9-831E-EB46C500C170, OS:26.2, name:iPhone 17 Pro Max }
		{ platform:iOS Simulator, arch:arm64, id:9D8896DA-F3B1-4A1F-80E9-3DD812DBB672, OS:26.2, name:iPhone Air }
Command line invocation:
    /Applications/Xcode.app/Contents/Developer/usr/bin/xcodebuild -project SSHTerminal.xcodeproj -scheme SSHTerminal -sdk iphonesimulator -destination "platform=iOS Simulator,name=iPhone 16 Pro" build

Build settings from command line:
    SDKROOT = iphonesimulator26.2

Resolve Package Graph


Resolved source packages:
  Citadel: https://github.com/orlandos-nl/Citadel.git @ 0.12.0
  swift-nio: https://github.com/apple/swift-nio.git @ 2.94.0
  swift-asn1: https://github.com/apple/swift-asn1.git @ 1.5.1
  swift-crypto: https://github.com/apple/swift-crypto.git @ 3.15.1
  swift-system: https://github.com/apple/swift-system.git @ 1.6.4
  SwiftTerm: https://github.com/migueldeicaza/SwiftTerm.git @ 1.10.1
  BigInt: https://github.com/attaswift/BigInt.git @ 5.7.0
  swift-collections: https://github.com/apple/swift-collections.git @ 1.3.0
  swift-atomics: https://github.com/apple/swift-atomics.git @ 1.3.0
  swift-log: https://github.com/apple/swift-log.git @ 1.9.1
  swift-argument-parser: https://github.com/apple/swift-argument-parser @ 1.7.0
  swift-nio-ssh: https://github.com/Joannis/swift-nio-ssh.git @ 0.3.5

2026-02-10 20:30:42.415 xcodebuild[13018:248074] [MT] IDERunDestination: Supported platforms for the buildables in the current scheme is empty.
Resolve Package Graph

2026-02-10 20:31:42.464 xcodebuild[13018:248074] Writing error result bundle to /var/folders/r6/jwlj36v55z98fc8m4qhrqqhm0000gn/T/ResultBundle_2026-10-02_20-31-0042.xcresult
xcodebuild: error: Unable to find a device matching the provided destination specifier:
		{ platform:iOS Simulator, OS:latest, name:iPhone 16 Pro }

	The requested device could not be found because no available devices matched the request.

	Available destinations for the "SSHTerminal" scheme:
		{ platform:macOS, arch:arm64, variant:Designed for [iPad,iPhone], id:00008132-001858D80CA1801C, name:My Mac }
		{ platform:iOS, arch:arm64, id:00008140-0009749C3CC2801C, name:Alicia's Newest Fucking Phone }
		{ platform:iOS, arch:arm64, id:00008101-000219580C28801E, name:iPad }
		{ platform:iOS, id:dvtdevice-DVTiPhonePlaceholder-iphoneos:placeholder, name:Any iOS Device }
		{ platform:iOS Simulator, id:dvtdevice-DVTiOSDeviceSimulatorPlaceholder-iphonesimulator:placeholder, name:Any iOS Simulator Device }
		{ platform:iOS Simulator, arch:arm64, id:650A8F3C-C82E-432A-BADF-F4A613A12FC4, OS:18.6, name:iPad (A16) }
		{ platform:iOS Simulator, arch:x86_64, id:650A8F3C-C82E-432A-BADF-F4A613A12FC4, OS:18.6, name:iPad (A16) }
		{ platform:iOS Simulator, arch:arm64, id:CBEE1D5C-3677-418E-B9B0-F0A9C978CA7B, OS:26.2, name:iPad (A16) }
		{ platform:iOS Simulator, arch:arm64, id:47A80D47-80FD-4020-9696-89277803760C, OS:18.6, name:iPad Air 11-inch (M3) }
		{ platform:iOS Simulator, arch:x86_64, id:47A80D47-80FD-4020-9696-89277803760C, OS:18.6, name:iPad Air 11-inch (M3) }
		{ platform:iOS Simulator, arch:arm64, id:7D47EFE3-4011-443B-B563-73EAA249E091, OS:26.2, name:iPad Air 11-inch (M3) }
		{ platform:iOS Simulator, arch:arm64, id:C060494A-AC53-43E4-93C5-64AEF93A5F0A, OS:18.6, name:iPad Air 13-inch (M3) }
		{ platform:iOS Simulator, arch:x86_64, id:C060494A-AC53-43E4-93C5-64AEF93A5F0A, OS:18.6, name:iPad Air 13-inch (M3) }
		{ platform:iOS Simulator, arch:arm64, id:8A4F1193-5737-462E-BD08-3A0389CE5B31, OS:26.2, name:iPad Air 13-inch (M3) }
		{ platform:iOS Simulator, arch:arm64, id:D02236D4-F8F9-4B80-8024-F10F0CB0C5AC, OS:18.6, name:iPad Pro 11-inch (M4) }
		{ platform:iOS Simulator, arch:x86_64, id:D02236D4-F8F9-4B80-8024-F10F0CB0C5AC, OS:18.6, name:iPad Pro 11-inch (M4) }
		{ platform:iOS Simulator, arch:arm64, id:DDAF7E7D-BA68-426A-8848-41B2A9EDEDE8, OS:26.2, name:iPad Pro 11-inch (M5) }
		{ platform:iOS Simulator, arch:arm64, id:1B910AB3-3923-47BC-99DA-A6C72C7C6F99, OS:18.6, name:iPad Pro 13-inch (M4) }
		{ platform:iOS Simulator, arch:x86_64, id:1B910AB3-3923-47BC-99DA-A6C72C7C6F99, OS:18.6, name:iPad Pro 13-inch (M4) }
		{ platform:iOS Simulator, arch:arm64, id:C746E790-9918-4FB0-8F3B-9B223D24CF4A, OS:26.2, name:iPad Pro 13-inch (M5) }
		{ platform:iOS Simulator, arch:arm64, id:6D704D6A-6A0B-4AE1-8249-F58586D4A377, OS:18.6, name:iPad mini (A17 Pro) }
		{ platform:iOS Simulator, arch:x86_64, id:6D704D6A-6A0B-4AE1-8249-F58586D4A377, OS:18.6, name:iPad mini (A17 Pro) }
		{ platform:iOS Simulator, arch:arm64, id:A091C0C8-891E-4B48-BE69-37A1610C9AB8, OS:26.2, name:iPad mini (A17 Pro) }
		{ platform:iOS Simulator, arch:arm64, id:472C2411-9F9C-4EE3-9537-BBAD85F87C7D, OS:18.6, name:iPhone 16 }
		{ platform:iOS Simulator, arch:x86_64, id:472C2411-9F9C-4EE3-9537-BBAD85F87C7D, OS:18.6, name:iPhone 16 }
		{ platform:iOS Simulator, arch:arm64, id:7B17D72D-8EAE-45E7-8E6D-B9BD43244535, OS:18.6, name:iPhone 16 Plus }
		{ platform:iOS Simulator, arch:x86_64, id:7B17D72D-8EAE-45E7-8E6D-B9BD43244535, OS:18.6, name:iPhone 16 Plus }
		{ platform:iOS Simulator, arch:arm64, id:0BF4388C-ABCB-4DA2-86B0-96A7BBE98864, OS:18.6, name:iPhone 16 Pro }
		{ platform:iOS Simulator, arch:x86_64, id:0BF4388C-ABCB-4DA2-86B0-96A7BBE98864, OS:18.6, name:iPhone 16 Pro }
		{ platform:iOS Simulator, arch:arm64, id:8069C72D-7942-4457-9672-8648B4573D8F, OS:18.6, name:iPhone 16 Pro Max }
		{ platform:iOS Simulator, arch:x86_64, id:8069C72D-7942-4457-9672-8648B4573D8F, OS:18.6, name:iPhone 16 Pro Max }
		{ platform:iOS Simulator, arch:arm64, id:7D51281B-BD27-48C0-98D6-17BDA8932243, OS:18.6, name:iPhone 16e }
		{ platform:iOS Simulator, arch:x86_64, id:7D51281B-BD27-48C0-98D6-17BDA8932243, OS:18.6, name:iPhone 16e }
		{ platform:iOS Simulator, arch:arm64, id:93228126-9CEE-48D6-9B9C-3340630D131D, OS:26.2, name:iPhone 16e }
		{ platform:iOS Simulator, arch:arm64, id:B809565B-49B4-4122-8B31-92D4BD6E493D, OS:26.2, name:iPhone 17 }
		{ platform:iOS Simulator, arch:arm64, id:1C723550-2C71-4F07-8AF9-1485D5B55853, OS:26.2, name:iPhone 17 Pro }
		{ platform:iOS Simulator, arch:arm64, id:D9721CAF-D003-44A9-831E-EB46C500C170, OS:26.2, name:iPhone 17 Pro Max }
		{ platform:iOS Simulator, arch:arm64, id:9D8896DA-F3B1-4A1F-80E9-3DD812DBB672, OS:26.2, name:iPhone Air }
Command line invocation:
    /Applications/Xcode.app/Contents/Developer/usr/bin/xcodebuild -project SSHTerminal.xcodeproj -scheme SSHTerminal -sdk iphonesimulator -destination "platform=iOS Simulator,id=0BF4388C-ABCB-4DA2-86B0-96A7BBE98864" build

Build settings from command line:
    SDKROOT = iphonesimulator26.2

Resolve Package Graph


Resolved source packages:
  swift-nio: https://github.com/apple/swift-nio.git @ 2.94.0
  Citadel: https://github.com/orlandos-nl/Citadel.git @ 0.12.0
  SwiftTerm: https://github.com/migueldeicaza/SwiftTerm.git @ 1.10.1
  swift-nio-ssh: https://github.com/Joannis/swift-nio-ssh.git @ 0.3.5
  swift-crypto: https://github.com/apple/swift-crypto.git @ 3.15.1
  swift-atomics: https://github.com/apple/swift-atomics.git @ 1.3.0
  swift-asn1: https://github.com/apple/swift-asn1.git @ 1.5.1
  BigInt: https://github.com/attaswift/BigInt.git @ 5.7.0
  swift-collections: https://github.com/apple/swift-collections.git @ 1.3.0
  swift-log: https://github.com/apple/swift-log.git @ 1.9.1
  swift-system: https://github.com/apple/swift-system.git @ 1.6.4
  swift-argument-parser: https://github.com/apple/swift-argument-parser @ 1.7.0

2026-02-10 20:31:51.672 xcodebuild[13189:249486] [MT] IDERunDestination: Supported platforms for the buildables in the current scheme is empty.
--- xcodebuild: WARNING: Using the first of multiple matching destinations:
{ platform:iOS Simulator, arch:arm64, id:0BF4388C-ABCB-4DA2-86B0-96A7BBE98864, OS:18.6, name:iPhone 16 Pro }
{ platform:iOS Simulator, arch:x86_64, id:0BF4388C-ABCB-4DA2-86B0-96A7BBE98864, OS:18.6, name:iPhone 16 Pro }
ComputePackagePrebuildTargetDependencyGraph

Prepare packages

CreateBuildRequest

SendProjectDescription

CreateBuildOperation

ComputeTargetDependencyGraph
note: Building targets in dependency order
note: Target dependency graph (51 targets)
    Target 'SSHTerminal' in project 'SSHTerminal'
        ➜ Explicit dependency on target 'Citadel' in project 'Citadel'
        ➜ Explicit dependency on target 'SwiftTerm' in project 'SwiftTerm'
    Target 'SwiftTerm' in project 'SwiftTerm'
        ➜ Explicit dependency on target 'SwiftTerm' in project 'SwiftTerm'
    Target 'SwiftTerm' in project 'SwiftTerm' (no dependencies)
    Target 'Citadel' in project 'Citadel'
        ➜ Explicit dependency on target 'Citadel' in project 'Citadel'
        ➜ Explicit dependency on target 'CCitadelBcrypt' in project 'Citadel'
        ➜ Explicit dependency on target 'NIOSSH' in project 'swift-nio-ssh'
        ➜ Explicit dependency on target 'Crypto' in project 'swift-crypto'
        ➜ Explicit dependency on target '_CryptoExtras' in project 'swift-crypto'
        ➜ Explicit dependency on target 'BigInt' in project 'BigInt'
        ➜ Explicit dependency on target 'Logging' in project 'swift-log'
    Target 'Citadel' in project 'Citadel'
        ➜ Explicit dependency on target 'CCitadelBcrypt' in project 'Citadel'
        ➜ Explicit dependency on target 'NIOSSH' in project 'swift-nio-ssh'
        ➜ Explicit dependency on target 'Crypto' in project 'swift-crypto'
        ➜ Explicit dependency on target '_CryptoExtras' in project 'swift-crypto'
        ➜ Explicit dependency on target 'BigInt' in project 'BigInt'
        ➜ Explicit dependency on target 'Logging' in project 'swift-log'
    Target 'Logging' in project 'swift-log'
        ➜ Explicit dependency on target 'Logging' in project 'swift-log'
    Target 'Logging' in project 'swift-log' (no dependencies)
    Target 'BigInt' in project 'BigInt'
        ➜ Explicit dependency on target 'BigInt' in project 'BigInt'
    Target 'BigInt' in project 'BigInt' (no dependencies)
    Target '_CryptoExtras' in project 'swift-crypto'
        ➜ Explicit dependency on target '_CryptoExtras' in project 'swift-crypto'
        ➜ Explicit dependency on target 'swift-crypto__CryptoExtras' in project 'swift-crypto'
        ➜ Explicit dependency on target 'CCryptoBoringSSL' in project 'swift-crypto'
        ➜ Explicit dependency on target 'CCryptoBoringSSLShims' in project 'swift-crypto'
        ➜ Explicit dependency on target 'CryptoBoringWrapper' in project 'swift-crypto'
        ➜ Explicit dependency on target 'Crypto' in project 'swift-crypto'
        ➜ Explicit dependency on target 'SwiftASN1' in project 'swift-asn1'
    Target '_CryptoExtras' in project 'swift-crypto'
        ➜ Explicit dependency on target 'swift-crypto__CryptoExtras' in project 'swift-crypto'
        ➜ Explicit dependency on target 'CCryptoBoringSSL' in project 'swift-crypto'
        ➜ Explicit dependency on target 'CCryptoBoringSSLShims' in project 'swift-crypto'
        ➜ Explicit dependency on target 'CryptoBoringWrapper' in project 'swift-crypto'
        ➜ Explicit dependency on target 'Crypto' in project 'swift-crypto'
        ➜ Explicit dependency on target 'SwiftASN1' in project 'swift-asn1'
    Target 'SwiftASN1' in project 'swift-asn1'
        ➜ Explicit dependency on target 'SwiftASN1' in project 'swift-asn1'
    Target 'SwiftASN1' in project 'swift-asn1' (no dependencies)
    Target 'CryptoBoringWrapper' in project 'swift-crypto'
        ➜ Explicit dependency on target 'swift-crypto_CryptoBoringWrapper' in project 'swift-crypto'
        ➜ Explicit dependency on target 'CCryptoBoringSSL' in project 'swift-crypto'
        ➜ Explicit dependency on target 'CCryptoBoringSSLShims' in project 'swift-crypto'
    Target 'swift-crypto_CryptoBoringWrapper' in project 'swift-crypto' (no dependencies)
    Target 'CCryptoBoringSSLShims' in project 'swift-crypto'
        ➜ Explicit dependency on target 'swift-crypto_CCryptoBoringSSLShims' in project 'swift-crypto'
        ➜ Explicit dependency on target 'CCryptoBoringSSL' in project 'swift-crypto'
    Target 'swift-crypto_CCryptoBoringSSLShims' in project 'swift-crypto' (no dependencies)
    Target 'CCryptoBoringSSL' in project 'swift-crypto'
        ➜ Explicit dependency on target 'swift-crypto_CCryptoBoringSSL' in project 'swift-crypto'
    Target 'swift-crypto_CCryptoBoringSSL' in project 'swift-crypto' (no dependencies)
    Target 'swift-crypto__CryptoExtras' in project 'swift-crypto' (no dependencies)
    Target 'NIOSSH' in project 'swift-nio-ssh'
        ➜ Explicit dependency on target 'NIOSSH' in project 'swift-nio-ssh'
        ➜ Explicit dependency on target 'NIOCore' in project 'swift-nio'
        ➜ Explicit dependency on target 'NIOConcurrencyHelpers' in project 'swift-nio'
        ➜ Explicit dependency on target 'NIOFoundationCompat' in project 'swift-nio'
        ➜ Explicit dependency on target 'Crypto' in project 'swift-crypto'
        ➜ Explicit dependency on target 'Atomics' in project 'swift-atomics'
    Target 'NIOSSH' in project 'swift-nio-ssh'
        ➜ Explicit dependency on target 'NIOCore' in project 'swift-nio'
        ➜ Explicit dependency on target 'NIOConcurrencyHelpers' in project 'swift-nio'
        ➜ Explicit dependency on target 'NIOFoundationCompat' in project 'swift-nio'
        ➜ Explicit dependency on target 'Crypto' in project 'swift-crypto'
        ➜ Explicit dependency on target 'Atomics' in project 'swift-atomics'
    Target 'Crypto' in project 'swift-crypto'
        ➜ Explicit dependency on target 'Crypto' in project 'swift-crypto'
        ➜ Explicit dependency on target 'swift-crypto_Crypto' in project 'swift-crypto'
    Target 'Crypto' in project 'swift-crypto'
        ➜ Explicit dependency on target 'swift-crypto_Crypto' in project 'swift-crypto'
    Target 'swift-crypto_Crypto' in project 'swift-crypto' (no dependencies)
    Target 'NIOFoundationCompat' in project 'swift-nio'
        ➜ Explicit dependency on target 'NIOFoundationCompat' in project 'swift-nio'
        ➜ Explicit dependency on target 'CNIOAtomics' in project 'swift-nio'
        ➜ Explicit dependency on target 'NIOConcurrencyHelpers' in project 'swift-nio'
        ➜ Explicit dependency on target '_NIOBase64' in project 'swift-nio'
        ➜ Explicit dependency on target 'CNIOOpenBSD' in project 'swift-nio'
        ➜ Explicit dependency on target 'CNIODarwin' in project 'swift-nio'
        ➜ Explicit dependency on target 'CNIOLinux' in project 'swift-nio'
        ➜ Explicit dependency on target 'CNIOWindows' in project 'swift-nio'
        ➜ Explicit dependency on target 'CNIOWASI' in project 'swift-nio'
        ➜ Explicit dependency on target '_NIODataStructures' in project 'swift-nio'
        ➜ Explicit dependency on target 'NIOCore' in project 'swift-nio'
        ➜ Explicit dependency on target 'NIOEmbedded' in project 'swift-nio'
        ➜ Explicit dependency on target 'CNIOPosix' in project 'swift-nio'
        ➜ Explicit dependency on target 'NIOPosix' in project 'swift-nio'
        ➜ Explicit dependency on target 'NIO' in project 'swift-nio'
        ➜ Explicit dependency on target 'DequeModule' in project 'swift-collections'
        ➜ Explicit dependency on target 'Atomics' in project 'swift-atomics'
    Target 'NIOFoundationCompat' in project 'swift-nio'
        ➜ Explicit dependency on target 'CNIOAtomics' in project 'swift-nio'
        ➜ Explicit dependency on target 'NIOConcurrencyHelpers' in project 'swift-nio'
        ➜ Explicit dependency on target '_NIOBase64' in project 'swift-nio'
        ➜ Explicit dependency on target 'CNIOOpenBSD' in project 'swift-nio'
        ➜ Explicit dependency on target 'CNIODarwin' in project 'swift-nio'
        ➜ Explicit dependency on target 'CNIOLinux' in project 'swift-nio'
        ➜ Explicit dependency on target 'CNIOWindows' in project 'swift-nio'
        ➜ Explicit dependency on target 'CNIOWASI' in project 'swift-nio'
        ➜ Explicit dependency on target '_NIODataStructures' in project 'swift-nio'
        ➜ Explicit dependency on target 'NIOCore' in project 'swift-nio'
        ➜ Explicit dependency on target 'NIOEmbedded' in project 'swift-nio'
        ➜ Explicit dependency on target 'CNIOPosix' in project 'swift-nio'
        ➜ Explicit dependency on target 'NIOPosix' in project 'swift-nio'
        ➜ Explicit dependency on target 'NIO' in project 'swift-nio'
        ➜ Explicit dependency on target 'DequeModule' in project 'swift-collections'
        ➜ Explicit dependency on target 'Atomics' in project 'swift-atomics'
    Target 'NIO' in project 'swift-nio'
        ➜ Explicit dependency on target 'CNIOAtomics' in project 'swift-nio'
        ➜ Explicit dependency on target 'NIOConcurrencyHelpers' in project 'swift-nio'
        ➜ Explicit dependency on target '_NIOBase64' in project 'swift-nio'
        ➜ Explicit dependency on target 'CNIOOpenBSD' in project 'swift-nio'
        ➜ Explicit dependency on target 'CNIODarwin' in project 'swift-nio'
        ➜ Explicit dependency on target 'CNIOLinux' in project 'swift-nio'
        ➜ Explicit dependency on target 'CNIOWindows' in project 'swift-nio'
        ➜ Explicit dependency on target 'CNIOWASI' in project 'swift-nio'
        ➜ Explicit dependency on target '_NIODataStructures' in project 'swift-nio'
        ➜ Explicit dependency on target 'NIOCore' in project 'swift-nio'
        ➜ Explicit dependency on target 'NIOEmbedded' in project 'swift-nio'
        ➜ Explicit dependency on target 'CNIOPosix' in project 'swift-nio'
        ➜ Explicit dependency on target 'NIOPosix' in project 'swift-nio'
        ➜ Explicit dependency on target 'DequeModule' in project 'swift-collections'
        ➜ Explicit dependency on target 'Atomics' in project 'swift-atomics'
    Target 'NIOPosix' in project 'swift-nio'
        ➜ Explicit dependency on target 'swift-nio_NIOPosix' in project 'swift-nio'
        ➜ Explicit dependency on target 'CNIOOpenBSD' in project 'swift-nio'
        ➜ Explicit dependency on target 'CNIOLinux' in project 'swift-nio'
        ➜ Explicit dependency on target 'CNIODarwin' in project 'swift-nio'
        ➜ Explicit dependency on target 'CNIOWindows' in project 'swift-nio'
        ➜ Explicit dependency on target 'CNIOAtomics' in project 'swift-nio'
        ➜ Explicit dependency on target 'NIOConcurrencyHelpers' in project 'swift-nio'
        ➜ Explicit dependency on target '_NIOBase64' in project 'swift-nio'
        ➜ Explicit dependency on target 'CNIOWASI' in project 'swift-nio'
        ➜ Explicit dependency on target '_NIODataStructures' in project 'swift-nio'
        ➜ Explicit dependency on target 'NIOCore' in project 'swift-nio'
        ➜ Explicit dependency on target 'CNIOPosix' in project 'swift-nio'
        ➜ Explicit dependency on target 'DequeModule' in project 'swift-collections'
        ➜ Explicit dependency on target 'Atomics' in project 'swift-atomics'
    Target 'swift-nio_NIOPosix' in project 'swift-nio' (no dependencies)
    Target 'CNIOPosix' in project 'swift-nio' (no dependencies)
    Target 'NIOEmbedded' in project 'swift-nio'
        ➜ Explicit dependency on target 'CNIOAtomics' in project 'swift-nio'
        ➜ Explicit dependency on target 'NIOConcurrencyHelpers' in project 'swift-nio'
        ➜ Explicit dependency on target '_NIOBase64' in project 'swift-nio'
        ➜ Explicit dependency on target 'CNIOOpenBSD' in project 'swift-nio'
        ➜ Explicit dependency on target 'CNIODarwin' in project 'swift-nio'
        ➜ Explicit dependency on target 'CNIOLinux' in project 'swift-nio'
        ➜ Explicit dependency on target 'CNIOWindows' in project 'swift-nio'
        ➜ Explicit dependency on target 'CNIOWASI' in project 'swift-nio'
        ➜ Explicit dependency on target '_NIODataStructures' in project 'swift-nio'
        ➜ Explicit dependency on target 'NIOCore' in project 'swift-nio'
        ➜ Explicit dependency on target 'DequeModule' in project 'swift-collections'
        ➜ Explicit dependency on target 'Atomics' in project 'swift-atomics'
    Target 'NIOConcurrencyHelpers' in project 'swift-nio'
        ➜ Explicit dependency on target 'NIOConcurrencyHelpers' in project 'swift-nio'
        ➜ Explicit dependency on target 'CNIOAtomics' in project 'swift-nio'
    Target 'NIOCore' in project 'swift-nio'
        ➜ Explicit dependency on target 'NIOCore' in project 'swift-nio'
        ➜ Explicit dependency on target 'CNIOAtomics' in project 'swift-nio'
        ➜ Explicit dependency on target 'NIOConcurrencyHelpers' in project 'swift-nio'
        ➜ Explicit dependency on target '_NIOBase64' in project 'swift-nio'
        ➜ Explicit dependency on target 'CNIOOpenBSD' in project 'swift-nio'
        ➜ Explicit dependency on target 'CNIODarwin' in project 'swift-nio'
        ➜ Explicit dependency on target 'CNIOLinux' in project 'swift-nio'
        ➜ Explicit dependency on target 'CNIOWindows' in project 'swift-nio'
        ➜ Explicit dependency on target 'CNIOWASI' in project 'swift-nio'
        ➜ Explicit dependency on target '_NIODataStructures' in project 'swift-nio'
        ➜ Explicit dependency on target 'DequeModule' in project 'swift-collections'
        ➜ Explicit dependency on target 'Atomics' in project 'swift-atomics'
    Target 'NIOCore' in project 'swift-nio'
        ➜ Explicit dependency on target 'CNIOAtomics' in project 'swift-nio'
        ➜ Explicit dependency on target 'NIOConcurrencyHelpers' in project 'swift-nio'
        ➜ Explicit dependency on target '_NIOBase64' in project 'swift-nio'
        ➜ Explicit dependency on target 'CNIOOpenBSD' in project 'swift-nio'
        ➜ Explicit dependency on target 'CNIODarwin' in project 'swift-nio'
        ➜ Explicit dependency on target 'CNIOLinux' in project 'swift-nio'
        ➜ Explicit dependency on target 'CNIOWindows' in project 'swift-nio'
        ➜ Explicit dependency on target 'CNIOWASI' in project 'swift-nio'
        ➜ Explicit dependency on target '_NIODataStructures' in project 'swift-nio'
        ➜ Explicit dependency on target 'DequeModule' in project 'swift-collections'
        ➜ Explicit dependency on target 'Atomics' in project 'swift-atomics'
    Target 'Atomics' in project 'swift-atomics'
        ➜ Explicit dependency on target 'Atomics' in project 'swift-atomics'
        ➜ Explicit dependency on target '_AtomicsShims' in project 'swift-atomics'
    Target 'Atomics' in project 'swift-atomics'
        ➜ Explicit dependency on target '_AtomicsShims' in project 'swift-atomics'
    Target '_AtomicsShims' in project 'swift-atomics' (no dependencies)
    Target 'DequeModule' in project 'swift-collections'
        ➜ Explicit dependency on target 'DequeModule' in project 'swift-collections'
        ➜ Explicit dependency on target 'InternalCollectionsUtilities' in project 'swift-collections'
    Target 'DequeModule' in project 'swift-collections'
        ➜ Explicit dependency on target 'InternalCollectionsUtilities' in project 'swift-collections'
    Target 'InternalCollectionsUtilities' in project 'swift-collections' (no dependencies)
    Target '_NIODataStructures' in project 'swift-nio' (no dependencies)
    Target 'CNIOWASI' in project 'swift-nio' (no dependencies)
    Target 'CNIOWindows' in project 'swift-nio' (no dependencies)
    Target 'CNIOLinux' in project 'swift-nio' (no dependencies)
    Target 'CNIODarwin' in project 'swift-nio' (no dependencies)
    Target 'CNIOOpenBSD' in project 'swift-nio' (no dependencies)
    Target '_NIOBase64' in project 'swift-nio' (no dependencies)
    Target 'NIOConcurrencyHelpers' in project 'swift-nio'
        ➜ Explicit dependency on target 'CNIOAtomics' in project 'swift-nio'
    Target 'CNIOAtomics' in project 'swift-nio' (no dependencies)
    Target 'CCitadelBcrypt' in project 'Citadel' (no dependencies)

GatherProvisioningInputs

CreateBuildDescription

ExecuteExternalTool /Applications/Xcode.app/Contents/Developer/Toolchains/XcodeDefault.xctoolchain/usr/bin/clang -v -E -dM -arch arm64 -isysroot /Applications/Xcode.app/Contents/Developer/Platforms/iPhoneSimulator.platform/Developer/SDKs/iPhoneSimulator26.2.sdk -x c -c /dev/null

ExecuteExternalTool /Applications/Xcode.app/Contents/Developer/Toolchains/XcodeDefault.xctoolchain/usr/bin/swiftc --version

ExecuteExternalTool /Applications/Xcode.app/Contents/Developer/Toolchains/XcodeDefault.xctoolchain/usr/bin/clang -v -E -dM -isysroot /Applications/Xcode.app/Contents/Developer/Platforms/iPhoneSimulator.platform/Developer/SDKs/iPhoneSimulator26.2.sdk -x c -c /dev/null

ExecuteExternalTool /Applications/Xcode.app/Contents/Developer/Toolchains/XcodeDefault.xctoolchain/usr/bin/clang -v -E -dM -arch arm64 -isysroot /Applications/Xcode.app/Contents/Developer/Platforms/iPhoneSimulator.platform/Developer/SDKs/iPhoneSimulator26.2.sdk -x objective-c -c /dev/null

ExecuteExternalTool /Applications/Xcode.app/Contents/Developer/usr/bin/actool --print-asset-tag-combinations --output-format xml1 /Users/daniel/Development/Projects/SSHTerminal/SSHTerminal/Resources/Assets.xcassets

ExecuteExternalTool /Applications/Xcode.app/Contents/Developer/Toolchains/XcodeDefault.xctoolchain/usr/bin/ld -version_details

ExecuteExternalTool /Applications/Xcode.app/Contents/Developer/Toolchains/XcodeDefault.xctoolchain/usr/bin/clang -v -E -dM -arch arm64 -isysroot /Applications/Xcode.app/Contents/Developer/Platforms/iPhoneSimulator.platform/Developer/SDKs/iPhoneSimulator26.2.sdk -x c++ -c /dev/null

ReadFileContents /Applications/Xcode.app/Contents/Developer/Toolchains/XcodeDefault.xctoolchain/usr/share/docc/features.json

ExecuteExternalTool /Applications/Xcode.app/Contents/Developer/Toolchains/XcodeDefault.xctoolchain/usr/bin/clang -v -E -dM -arch arm64 -isysroot /Applications/Xcode.app/Contents/Developer/Platforms/iPhoneSimulator.platform/Developer/SDKs/iPhoneSimulator26.2.sdk -x assembler-with-cpp -c /dev/null

ExecuteExternalTool /Applications/Xcode.app/Contents/Developer/usr/bin/actool --version --output-format xml1

Build description signature: aa962eb9fbf17ee108f399242d23d968
Build description path: /Users/daniel/Library/Developer/Xcode/DerivedData/SSHTerminal-fmapfhpdmeruwgafcvuxgvjxevik/Build/Intermediates.noindex/XCBuildData/aa962eb9fbf17ee108f399242d23d968.xcbuilddata
ClangStatCache /Applications/Xcode.app/Contents/Developer/Toolchains/XcodeDefault.xctoolchain/usr/bin/clang-stat-cache /Applications/Xcode.app/Contents/Developer/Platforms/iPhoneSimulator.platform/Developer/SDKs/iPhoneSimulator26.2.sdk /Users/daniel/Library/Developer/Xcode/DerivedData/SDKStatCaches.noindex/iphonesimulator26.2-23C53-7d00a8b37fbd7999ea79df8ebc024bf0.sdkstatcache
    cd /Users/daniel/Development/Projects/SSHTerminal/SSHTerminal.xcodeproj
    /Applications/Xcode.app/Contents/Developer/Toolchains/XcodeDefault.xctoolchain/usr/bin/clang-stat-cache /Applications/Xcode.app/Contents/Developer/Platforms/iPhoneSimulator.platform/Developer/SDKs/iPhoneSimulator26.2.sdk -o /Users/daniel/Library/Developer/Xcode/DerivedData/SDKStatCaches.noindex/iphonesimulator26.2-23C53-7d00a8b37fbd7999ea79df8ebc024bf0.sdkstatcache

ProcessInfoPlistFile /Users/daniel/Library/Developer/Xcode/DerivedData/SSHTerminal-fmapfhpdmeruwgafcvuxgvjxevik/Build/Products/Debug-iphonesimulator/swift-nio_NIOPosix.bundle/Info.plist /Users/daniel/Library/Developer/Xcode/DerivedData/SSHTerminal-fmapfhpdmeruwgafcvuxgvjxevik/Build/Intermediates.noindex/swift-nio.build/Debug-iphonesimulator/swift-nio_NIOPosix.build/empty-swift-nio_NIOPosix.plist (in target 'swift-nio_NIOPosix' from project 'swift-nio')
    cd /Users/daniel/Library/Developer/Xcode/DerivedData/SSHTerminal-fmapfhpdmeruwgafcvuxgvjxevik/SourcePackages/checkouts/swift-nio
    builtin-infoPlistUtility /Users/daniel/Library/Developer/Xcode/DerivedData/SSHTerminal-fmapfhpdmeruwgafcvuxgvjxevik/Build/Intermediates.noindex/swift-nio.build/Debug-iphonesimulator/swift-nio_NIOPosix.build/empty-swift-nio_NIOPosix.plist -producttype com.apple.product-type.bundle -expandbuildsettings -format binary -platform iphonesimulator -o /Users/daniel/Library/Developer/Xcode/DerivedData/SSHTerminal-fmapfhpdmeruwgafcvuxgvjxevik/Build/Products/Debug-iphonesimulator/swift-nio_NIOPosix.bundle/Info.plist

ProcessInfoPlistFile /Users/daniel/Library/Developer/Xcode/DerivedData/SSHTerminal-fmapfhpdmeruwgafcvuxgvjxevik/Build/Products/Debug-iphonesimulator/swift-crypto_Crypto.bundle/Info.plist /Users/daniel/Library/Developer/Xcode/DerivedData/SSHTerminal-fmapfhpdmeruwgafcvuxgvjxevik/Build/Intermediates.noindex/swift-crypto.build/Debug-iphonesimulator/swift-crypto_Crypto.build/empty-swift-crypto_Crypto.plist (in target 'swift-crypto_Crypto' from project 'swift-crypto')
    cd /Users/daniel/Library/Developer/Xcode/DerivedData/SSHTerminal-fmapfhpdmeruwgafcvuxgvjxevik/SourcePackages/checkouts/swift-crypto
    builtin-infoPlistUtility /Users/daniel/Library/Developer/Xcode/DerivedData/SSHTerminal-fmapfhpdmeruwgafcvuxgvjxevik/Build/Intermediates.noindex/swift-crypto.build/Debug-iphonesimulator/swift-crypto_Crypto.build/empty-swift-crypto_Crypto.plist -producttype com.apple.product-type.bundle -expandbuildsettings -format binary -platform iphonesimulator -o /Users/daniel/Library/Developer/Xcode/DerivedData/SSHTerminal-fmapfhpdmeruwgafcvuxgvjxevik/Build/Products/Debug-iphonesimulator/swift-crypto_Crypto.bundle/Info.plist

ProcessInfoPlistFile /Users/daniel/Library/Developer/Xcode/DerivedData/SSHTerminal-fmapfhpdmeruwgafcvuxgvjxevik/Build/Products/Debug-iphonesimulator/swift-crypto__CryptoExtras.bundle/Info.plist /Users/daniel/Library/Developer/Xcode/DerivedData/SSHTerminal-fmapfhpdmeruwgafcvuxgvjxevik/Build/Intermediates.noindex/swift-crypto.build/Debug-iphonesimulator/swift-crypto__CryptoExtras.build/empty-swift-crypto__CryptoExtras.plist (in target 'swift-crypto__CryptoExtras' from project 'swift-crypto')
    cd /Users/daniel/Library/Developer/Xcode/DerivedData/SSHTerminal-fmapfhpdmeruwgafcvuxgvjxevik/SourcePackages/checkouts/swift-crypto
    builtin-infoPlistUtility /Users/daniel/Library/Developer/Xcode/DerivedData/SSHTerminal-fmapfhpdmeruwgafcvuxgvjxevik/Build/Intermediates.noindex/swift-crypto.build/Debug-iphonesimulator/swift-crypto__CryptoExtras.build/empty-swift-crypto__CryptoExtras.plist -producttype com.apple.product-type.bundle -expandbuildsettings -format binary -platform iphonesimulator -o /Users/daniel/Library/Developer/Xcode/DerivedData/SSHTerminal-fmapfhpdmeruwgafcvuxgvjxevik/Build/Products/Debug-iphonesimulator/swift-crypto__CryptoExtras.bundle/Info.plist

ProcessInfoPlistFile /Users/daniel/Library/Developer/Xcode/DerivedData/SSHTerminal-fmapfhpdmeruwgafcvuxgvjxevik/Build/Products/Debug-iphonesimulator/swift-crypto_CCryptoBoringSSL.bundle/Info.plist /Users/daniel/Library/Developer/Xcode/DerivedData/SSHTerminal-fmapfhpdmeruwgafcvuxgvjxevik/Build/Intermediates.noindex/swift-crypto.build/Debug-iphonesimulator/swift-crypto_CCryptoBoringSSL.build/empty-swift-crypto_CCryptoBoringSSL.plist (in target 'swift-crypto_CCryptoBoringSSL' from project 'swift-crypto')
    cd /Users/daniel/Library/Developer/Xcode/DerivedData/SSHTerminal-fmapfhpdmeruwgafcvuxgvjxevik/SourcePackages/checkouts/swift-crypto
    builtin-infoPlistUtility /Users/daniel/Library/Developer/Xcode/DerivedData/SSHTerminal-fmapfhpdmeruwgafcvuxgvjxevik/Build/Intermediates.noindex/swift-crypto.build/Debug-iphonesimulator/swift-crypto_CCryptoBoringSSL.build/empty-swift-crypto_CCryptoBoringSSL.plist -producttype com.apple.product-type.bundle -expandbuildsettings -format binary -platform iphonesimulator -o /Users/daniel/Library/Developer/Xcode/DerivedData/SSHTerminal-fmapfhpdmeruwgafcvuxgvjxevik/Build/Products/Debug-iphonesimulator/swift-crypto_CCryptoBoringSSL.bundle/Info.plist

ProcessInfoPlistFile /Users/daniel/Library/Developer/Xcode/DerivedData/SSHTerminal-fmapfhpdmeruwgafcvuxgvjxevik/Build/Products/Debug-iphonesimulator/swift-crypto_CCryptoBoringSSLShims.bundle/Info.plist /Users/daniel/Library/Developer/Xcode/DerivedData/SSHTerminal-fmapfhpdmeruwgafcvuxgvjxevik/Build/Intermediates.noindex/swift-crypto.build/Debug-iphonesimulator/swift-crypto_CCryptoBoringSSLShims.build/empty-swift-crypto_CCryptoBoringSSLShims.plist (in target 'swift-crypto_CCryptoBoringSSLShims' from project 'swift-crypto')
    cd /Users/daniel/Library/Developer/Xcode/DerivedData/SSHTerminal-fmapfhpdmeruwgafcvuxgvjxevik/SourcePackages/checkouts/swift-crypto
    builtin-infoPlistUtility /Users/daniel/Library/Developer/Xcode/DerivedData/SSHTerminal-fmapfhpdmeruwgafcvuxgvjxevik/Build/Intermediates.noindex/swift-crypto.build/Debug-iphonesimulator/swift-crypto_CCryptoBoringSSLShims.build/empty-swift-crypto_CCryptoBoringSSLShims.plist -producttype com.apple.product-type.bundle -expandbuildsettings -format binary -platform iphonesimulator -o /Users/daniel/Library/Developer/Xcode/DerivedData/SSHTerminal-fmapfhpdmeruwgafcvuxgvjxevik/Build/Products/Debug-iphonesimulator/swift-crypto_CCryptoBoringSSLShims.bundle/Info.plist

ProcessInfoPlistFile /Users/daniel/Library/Developer/Xcode/DerivedData/SSHTerminal-fmapfhpdmeruwgafcvuxgvjxevik/Build/Products/Debug-iphonesimulator/swift-crypto_CryptoBoringWrapper.bundle/Info.plist /Users/daniel/Library/Developer/Xcode/DerivedData/SSHTerminal-fmapfhpdmeruwgafcvuxgvjxevik/Build/Intermediates.noindex/swift-crypto.build/Debug-iphonesimulator/swift-crypto_CryptoBoringWrapper.build/empty-swift-crypto_CryptoBoringWrapper.plist (in target 'swift-crypto_CryptoBoringWrapper' from project 'swift-crypto')
    cd /Users/daniel/Library/Developer/Xcode/DerivedData/SSHTerminal-fmapfhpdmeruwgafcvuxgvjxevik/SourcePackages/checkouts/swift-crypto
    builtin-infoPlistUtility /Users/daniel/Library/Developer/Xcode/DerivedData/SSHTerminal-fmapfhpdmeruwgafcvuxgvjxevik/Build/Intermediates.noindex/swift-crypto.build/Debug-iphonesimulator/swift-crypto_CryptoBoringWrapper.build/empty-swift-crypto_CryptoBoringWrapper.plist -producttype com.apple.product-type.bundle -expandbuildsettings -format binary -platform iphonesimulator -o /Users/daniel/Library/Developer/Xcode/DerivedData/SSHTerminal-fmapfhpdmeruwgafcvuxgvjxevik/Build/Products/Debug-iphonesimulator/swift-crypto_CryptoBoringWrapper.bundle/Info.plist

WriteAuxiliaryFile /Users/daniel/Library/Developer/Xcode/DerivedData/SSHTerminal-fmapfhpdmeruwgafcvuxgvjxevik/Build/Intermediates.noindex/SSHTerminal.build/Debug-iphonesimulator/SSHTerminal.build/Objects-normal/arm64/SSHTerminal.SwiftFileList (in target 'SSHTerminal' from project 'SSHTerminal')
    cd /Users/daniel/Development/Projects/SSHTerminal
    write-file /Users/daniel/Library/Developer/Xcode/DerivedData/SSHTerminal-fmapfhpdmeruwgafcvuxgvjxevik/Build/Intermediates.noindex/SSHTerminal.build/Debug-iphonesimulator/SSHTerminal.build/Objects-normal/arm64/SSHTerminal.SwiftFileList

WriteAuxiliaryFile /Users/daniel/Library/Developer/Xcode/DerivedData/SSHTerminal-fmapfhpdmeruwgafcvuxgvjxevik/Build/Intermediates.noindex/SSHTerminal.build/Debug-iphonesimulator/SSHTerminal.build/Objects-normal/arm64/SSHTerminal.SwiftConstValuesFileList (in target 'SSHTerminal' from project 'SSHTerminal')
    cd /Users/daniel/Development/Projects/SSHTerminal
    write-file /Users/daniel/Library/Developer/Xcode/DerivedData/SSHTerminal-fmapfhpdmeruwgafcvuxgvjxevik/Build/Intermediates.noindex/SSHTerminal.build/Debug-iphonesimulator/SSHTerminal.build/Objects-normal/arm64/SSHTerminal.SwiftConstValuesFileList

WriteAuxiliaryFile /Users/daniel/Library/Developer/Xcode/DerivedData/SSHTerminal-fmapfhpdmeruwgafcvuxgvjxevik/Build/Intermediates.noindex/SSHTerminal.build/Debug-iphonesimulator/SSHTerminal.build/Objects-normal/arm64/SSHTerminal.LinkFileList (in target 'SSHTerminal' from project 'SSHTerminal')
    cd /Users/daniel/Development/Projects/SSHTerminal
    write-file /Users/daniel/Library/Developer/Xcode/DerivedData/SSHTerminal-fmapfhpdmeruwgafcvuxgvjxevik/Build/Intermediates.noindex/SSHTerminal.build/Debug-iphonesimulator/SSHTerminal.build/Objects-normal/arm64/SSHTerminal.LinkFileList

WriteAuxiliaryFile /Users/daniel/Library/Developer/Xcode/DerivedData/SSHTerminal-fmapfhpdmeruwgafcvuxgvjxevik/Build/Intermediates.noindex/SSHTerminal.build/Debug-iphonesimulator/SSHTerminal.build/Objects-normal/arm64/SSHTerminal-OutputFileMap.json (in target 'SSHTerminal' from project 'SSHTerminal')
    cd /Users/daniel/Development/Projects/SSHTerminal
    write-file /Users/daniel/Library/Developer/Xcode/DerivedData/SSHTerminal-fmapfhpdmeruwgafcvuxgvjxevik/Build/Intermediates.noindex/SSHTerminal.build/Debug-iphonesimulator/SSHTerminal.build/Objects-normal/arm64/SSHTerminal-OutputFileMap.json

SwiftDriver SSHTerminal normal arm64 com.apple.xcode.tools.swift.compiler (in target 'SSHTerminal' from project 'SSHTerminal')
    cd /Users/daniel/Development/Projects/SSHTerminal
    builtin-SwiftDriver -- /Applications/Xcode.app/Contents/Developer/Toolchains/XcodeDefault.xctoolchain/usr/bin/swiftc -module-name SSHTerminal -Onone -enforce-exclusivity\=checked @/Users/daniel/Library/Developer/Xcode/DerivedData/SSHTerminal-fmapfhpdmeruwgafcvuxgvjxevik/Build/Intermediates.noindex/SSHTerminal.build/Debug-iphonesimulator/SSHTerminal.build/Objects-normal/arm64/SSHTerminal.SwiftFileList -DDEBUG -Xcc -fmodule-map-file\=/Users/daniel/Library/Developer/Xcode/DerivedData/SSHTerminal-fmapfhpdmeruwgafcvuxgvjxevik/Build/Intermediates.noindex/GeneratedModuleMaps-iphonesimulator/CNIOPosix.modulemap -Xcc -fmodule-map-file\=/Users/daniel/Library/Developer/Xcode/DerivedData/SSHTerminal-fmapfhpdmeruwgafcvuxgvjxevik/Build/Intermediates.noindex/GeneratedModuleMaps-iphonesimulator/CNIOWASI.modulemap -Xcc -fmodule-map-file\=/Users/daniel/Library/Developer/Xcode/DerivedData/SSHTerminal-fmapfhpdmeruwgafcvuxgvjxevik/Build/Intermediates.noindex/GeneratedModuleMaps-iphonesimulator/CNIOLinux.modulemap -Xcc -fmodule-map-file\=/Users/daniel/Library/Developer/Xcode/DerivedData/SSHTerminal-fmapfhpdmeruwgafcvuxgvjxevik/Build/Intermediates.noindex/GeneratedModuleMaps-iphonesimulator/CNIODarwin.modulemap -Xcc -fmodule-map-file\=/Users/daniel/Library/Developer/Xcode/DerivedData/SSHTerminal-fmapfhpdmeruwgafcvuxgvjxevik/Build/Intermediates.noindex/GeneratedModuleMaps-iphonesimulator/CNIOOpenBSD.modulemap -Xcc -fmodule-map-file\=/Users/daniel/Library/Developer/Xcode/DerivedData/SSHTerminal-fmapfhpdmeruwgafcvuxgvjxevik/Build/Intermediates.noindex/GeneratedModuleMaps-iphonesimulator/CNIOAtomics.modulemap -enable-experimental-feature DebugDescriptionMacro -sdk /Applications/Xcode.app/Contents/Developer/Platforms/iPhoneSimulator.platform/Developer/SDKs/iPhoneSimulator26.2.sdk -target arm64-apple-ios17.0-simulator -g -module-cache-path /Users/daniel/Library/Developer/Xcode/DerivedData/ModuleCache.noindex -Xfrontend -serialize-debugging-options -enable-testing -index-store-path /Users/daniel/Library/Developer/Xcode/DerivedData/SSHTerminal-fmapfhpdmeruwgafcvuxgvjxevik/Index.noindex/DataStore -Xcc -D_LIBCPP_HARDENING_MODE\=_LIBCPP_HARDENING_MODE_DEBUG -swift-version 6 -I /Users/daniel/Library/Developer/Xcode/DerivedData/SSHTerminal-fmapfhpdmeruwgafcvuxgvjxevik/Build/Products/Debug-iphonesimulator -F /Users/daniel/Library/Developer/Xcode/DerivedData/SSHTerminal-fmapfhpdmeruwgafcvuxgvjxevik/Build/Products/Debug-iphonesimulator/PackageFrameworks -F /Users/daniel/Library/Developer/Xcode/DerivedData/SSHTerminal-fmapfhpdmeruwgafcvuxgvjxevik/Build/Products/Debug-iphonesimulator/PackageFrameworks -F /Users/daniel/Library/Developer/Xcode/DerivedData/SSHTerminal-fmapfhpdmeruwgafcvuxgvjxevik/Build/Products/Debug-iphonesimulator/PackageFrameworks -F /Users/daniel/Library/Developer/Xcode/DerivedData/SSHTerminal-fmapfhpdmeruwgafcvuxgvjxevik/Build/Products/Debug-iphonesimulator/PackageFrameworks -F /Users/daniel/Library/Developer/Xcode/DerivedData/SSHTerminal-fmapfhpdmeruwgafcvuxgvjxevik/Build/Products/Debug-iphonesimulator/PackageFrameworks -F /Users/daniel/Library/Developer/Xcode/DerivedData/SSHTerminal-fmapfhpdmeruwgafcvuxgvjxevik/Build/Products/Debug-iphonesimulator/PackageFrameworks -F /Users/daniel/Library/Developer/Xcode/DerivedData/SSHTerminal-fmapfhpdmeruwgafcvuxgvjxevik/Build/Products/Debug-iphonesimulator/PackageFrameworks -F /Users/daniel/Library/Developer/Xcode/DerivedData/SSHTerminal-fmapfhpdmeruwgafcvuxgvjxevik/Build/Products/Debug-iphonesimulator/PackageFrameworks -F /Users/daniel/Library/Developer/Xcode/DerivedData/SSHTerminal-fmapfhpdmeruwgafcvuxgvjxevik/Build/Products/Debug-iphonesimulator/PackageFrameworks -F /Users/daniel/Library/Developer/Xcode/DerivedData/SSHTerminal-fmapfhpdmeruwgafcvuxgvjxevik/Build/Products/Debug-iphonesimulator/PackageFrameworks -F /Users/daniel/Library/Developer/Xcode/DerivedData/SSHTerminal-fmapfhpdmeruwgafcvuxgvjxevik/Build/Products/Debug-iphonesimulator/PackageFrameworks -F /Users/daniel/Library/Developer/Xcode/DerivedData/SSHTerminal-fmapfhpdmeruwgafcvuxgvjxevik/Build/Products/Debug-iphonesimulator/PackageFrameworks -F /Users/daniel/Library/Developer/Xcode/DerivedData/SSHTerminal-fmapfhpdmeruwgafcvuxgvjxevik/Build/Products/Debug-iphonesimulator/PackageFrameworks -F /Users/daniel/Library/Developer/Xcode/DerivedData/SSHTerminal-fmapfhpdmeruwgafcvuxgvjxevik/Build/Products/Debug-iphonesimulator/PackageFrameworks -F /Users/daniel/Library/Developer/Xcode/DerivedData/SSHTerminal-fmapfhpdmeruwgafcvuxgvjxevik/Build/Products/Debug-iphonesimulator/PackageFrameworks -F /Users/daniel/Library/Developer/Xcode/DerivedData/SSHTerminal-fmapfhpdmeruwgafcvuxgvjxevik/Build/Products/Debug-iphonesimulator/PackageFrameworks -F /Users/daniel/Library/Developer/Xcode/DerivedData/SSHTerminal-fmapfhpdmeruwgafcvuxgvjxevik/Build/Products/Debug-iphonesimulator/PackageFrameworks -F /Users/daniel/Library/Developer/Xcode/DerivedData/SSHTerminal-fmapfhpdmeruwgafcvuxgvjxevik/Build/Products/Debug-iphonesimulator/PackageFrameworks -F /Users/daniel/Library/Developer/Xcode/DerivedData/SSHTerminal-fmapfhpdmeruwgafcvuxgvjxevik/Build/Products/Debug-iphonesimulator/PackageFrameworks -F /Users/daniel/Library/Developer/Xcode/DerivedData/SSHTerminal-fmapfhpdmeruwgafcvuxgvjxevik/Build/Products/Debug-iphonesimulator/PackageFrameworks -F /Users/daniel/Library/Developer/Xcode/DerivedData/SSHTerminal-fmapfhpdmeruwgafcvuxgvjxevik/Build/Products/Debug-iphonesimulator/PackageFrameworks -F /Users/daniel/Library/Developer/Xcode/DerivedData/SSHTerminal-fmapfhpdmeruwgafcvuxgvjxevik/Build/Products/Debug-iphonesimulator/PackageFrameworks -F /Users/daniel/Library/Developer/Xcode/DerivedData/SSHTerminal-fmapfhpdmeruwgafcvuxgvjxevik/Build/Products/Debug-iphonesimulator/PackageFrameworks -F /Users/daniel/Library/Developer/Xcode/DerivedData/SSHTerminal-fmapfhpdmeruwgafcvuxgvjxevik/Build/Products/Debug-iphonesimulator/PackageFrameworks -F /Users/daniel/Library/Developer/Xcode/DerivedData/SSHTerminal-fmapfhpdmeruwgafcvuxgvjxevik/Build/Products/Debug-iphonesimulator/PackageFrameworks -F /Users/daniel/Library/Developer/Xcode/DerivedData/SSHTerminal-fmapfhpdmeruwgafcvuxgvjxevik/Build/Products/Debug-iphonesimulator/PackageFrameworks -F /Users/daniel/Library/Developer/Xcode/DerivedData/SSHTerminal-fmapfhpdmeruwgafcvuxgvjxevik/Build/Products/Debug-iphonesimulator/PackageFrameworks -F /Users/daniel/Library/Developer/Xcode/DerivedData/SSHTerminal-fmapfhpdmeruwgafcvuxgvjxevik/Build/Products/Debug-iphonesimulator/PackageFrameworks -F /Users/daniel/Library/Developer/Xcode/DerivedData/SSHTerminal-fmapfhpdmeruwgafcvuxgvjxevik/Build/Products/Debug-iphonesimulator/PackageFrameworks -F /Users/daniel/Library/Developer/Xcode/DerivedData/SSHTerminal-fmapfhpdmeruwgafcvuxgvjxevik/Build/Products/Debug-iphonesimulator/PackageFrameworks -F /Users/daniel/Library/Developer/Xcode/DerivedData/SSHTerminal-fmapfhpdmeruwgafcvuxgvjxevik/Build/Products/Debug-iphonesimulator/PackageFrameworks -F /Users/daniel/Library/Developer/Xcode/DerivedData/SSHTerminal-fmapfhpdmeruwgafcvuxgvjxevik/Build/Products/Debug-iphonesimulator -c -j10 -enable-batch-mode -incremental -Xcc -ivfsstatcache -Xcc /Users/daniel/Library/Developer/Xcode/DerivedData/SDKStatCaches.noindex/iphonesimulator26.2-23C53-7d00a8b37fbd7999ea79df8ebc024bf0.sdkstatcache -output-file-map /Users/daniel/Library/Developer/Xcode/DerivedData/SSHTerminal-fmapfhpdmeruwgafcvuxgvjxevik/Build/Intermediates.noindex/SSHTerminal.build/Debug-iphonesimulator/SSHTerminal.build/Objects-normal/arm64/SSHTerminal-OutputFileMap.json -use-frontend-parseable-output -save-temps -no-color-diagnostics -explicit-module-build -module-cache-path /Users/daniel/Library/Developer/Xcode/DerivedData/SSHTerminal-fmapfhpdmeruwgafcvuxgvjxevik/Build/Intermediates.noindex/SwiftExplicitPrecompiledModules -clang-scanner-module-cache-path /Users/daniel/Library/Developer/Xcode/DerivedData/ModuleCache.noindex -sdk-module-cache-path /Users/daniel/Library/Developer/Xcode/DerivedData/ModuleCache.noindex -serialize-diagnostics -emit-dependencies -emit-module -emit-module-path /Users/daniel/Library/Developer/Xcode/DerivedData/SSHTerminal-fmapfhpdmeruwgafcvuxgvjxevik/Build/Intermediates.noindex/SSHTerminal.build/Debug-iphonesimulator/SSHTerminal.build/Objects-normal/arm64/SSHTerminal.swiftmodule -validate-clang-modules-once -clang-build-session-file /Users/daniel/Library/Developer/Xcode/DerivedData/ModuleCache.noindex/Session.modulevalidation -Xcc -I/Users/daniel/Library/Developer/Xcode/DerivedData/SSHTerminal-fmapfhpdmeruwgafcvuxgvjxevik/Build/Intermediates.noindex/SSHTerminal.build/Debug-iphonesimulator/SSHTerminal.build/swift-overrides.hmap -emit-const-values -Xfrontend -const-gather-protocols-file -Xfrontend /Users/daniel/Library/Developer/Xcode/DerivedData/SSHTerminal-fmapfhpdmeruwgafcvuxgvjxevik/Build/Intermediates.noindex/SSHTerminal.build/Debug-iphonesimulator/SSHTerminal.build/Objects-normal/arm64/SSHTerminal_const_extract_protocols.json -Xcc -iquote -Xcc /Users/daniel/Library/Developer/Xcode/DerivedData/SSHTerminal-fmapfhpdmeruwgafcvuxgvjxevik/Build/Intermediates.noindex/SSHTerminal.build/Debug-iphonesimulator/SSHTerminal.build/SSHTerminal-generated-files.hmap -Xcc -I/Users/daniel/Library/Developer/Xcode/DerivedData/SSHTerminal-fmapfhpdmeruwgafcvuxgvjxevik/Build/Intermediates.noindex/SSHTerminal.build/Debug-iphonesimulator/SSHTerminal.build/SSHTerminal-own-target-headers.hmap -Xcc -I/Users/daniel/Library/Developer/Xcode/DerivedData/SSHTerminal-fmapfhpdmeruwgafcvuxgvjxevik/Build/Intermediates.noindex/SSHTerminal.build/Debug-iphonesimulator/SSHTerminal.build/SSHTerminal-all-non-framework-target-headers.hmap -Xcc -ivfsoverlay -Xcc /Users/daniel/Library/Developer/Xcode/DerivedData/SSHTerminal-fmapfhpdmeruwgafcvuxgvjxevik/Build/Intermediates.noindex/SSHTerminal.build/Debug-iphonesimulator/SSHTerminal-4fd661df79a9f6d2539e1897bbbc7795-VFS-iphonesimulator/all-product-headers.yaml -Xcc -iquote -Xcc /Users/daniel/Library/Developer/Xcode/DerivedData/SSHTerminal-fmapfhpdmeruwgafcvuxgvjxevik/Build/Intermediates.noindex/SSHTerminal.build/Debug-iphonesimulator/SSHTerminal.build/SSHTerminal-project-headers.hmap -Xcc -I/Users/daniel/Library/Developer/Xcode/DerivedData/SSHTerminal-fmapfhpdmeruwgafcvuxgvjxevik/SourcePackages/checkouts/swift-nio/Sources/CNIOPosix/include -Xcc -I/Users/daniel/Library/Developer/Xcode/DerivedData/SSHTerminal-fmapfhpdmeruwgafcvuxgvjxevik/SourcePackages/checkouts/swift-nio/Sources/CNIOWASI/include -Xcc -I/Users/daniel/Library/Developer/Xcode/DerivedData/SSHTerminal-fmapfhpdmeruwgafcvuxgvjxevik/SourcePackages/checkouts/swift-nio/Sources/CNIOWindows/include -Xcc -I/Users/daniel/Library/Developer/Xcode/DerivedData/SSHTerminal-fmapfhpdmeruwgafcvuxgvjxevik/SourcePackages/checkouts/swift-nio/Sources/CNIOLinux/include -Xcc -I/Users/daniel/Library/Developer/Xcode/DerivedData/SSHTerminal-fmapfhpdmeruwgafcvuxgvjxevik/SourcePackages/checkouts/swift-nio/Sources/CNIODarwin/include -Xcc -I/Users/daniel/Library/Developer/Xcode/DerivedData/SSHTerminal-fmapfhpdmeruwgafcvuxgvjxevik/SourcePackages/checkouts/swift-nio/Sources/CNIOOpenBSD/include -Xcc -I/Users/daniel/Library/Developer/Xcode/DerivedData/SSHTerminal-fmapfhpdmeruwgafcvuxgvjxevik/SourcePackages/checkouts/swift-nio/Sources/CNIOAtomics/include -Xcc -I/Users/daniel/Library/Developer/Xcode/DerivedData/SSHTerminal-fmapfhpdmeruwgafcvuxgvjxevik/SourcePackages/checkouts/swift-atomics/Sources/_AtomicsShims/include -Xcc -I/Users/daniel/Library/Developer/Xcode/DerivedData/SSHTerminal-fmapfhpdmeruwgafcvuxgvjxevik/SourcePackages/checkouts/swift-crypto/Sources/CCryptoBoringSSLShims/include -Xcc -I/Users/daniel/Library/Developer/Xcode/DerivedData/SSHTerminal-fmapfhpdmeruwgafcvuxgvjxevik/SourcePackages/checkouts/swift-crypto/Sources/CCryptoBoringSSL/include -Xcc -I/Users/daniel/Library/Developer/Xcode/DerivedData/SSHTerminal-fmapfhpdmeruwgafcvuxgvjxevik/SourcePackages/checkouts/Citadel/Sources/CCitadelBcrypt/include -Xcc -I/Users/daniel/Library/Developer/Xcode/DerivedData/SSHTerminal-fmapfhpdmeruwgafcvuxgvjxevik/Build/Products/Debug-iphonesimulator/include -Xcc -I/Users/daniel/Library/Developer/Xcode/DerivedData/SSHTerminal-fmapfhpdmeruwgafcvuxgvjxevik/Build/Intermediates.noindex/SSHTerminal.build/Debug-iphonesimulator/SSHTerminal.build/DerivedSources-normal/arm64 -Xcc -I/Users/daniel/Library/Developer/Xcode/DerivedData/SSHTerminal-fmapfhpdmeruwgafcvuxgvjxevik/Build/Intermediates.noindex/SSHTerminal.build/Debug-iphonesimulator/SSHTerminal.build/DerivedSources/arm64 -Xcc -I/Users/daniel/Library/Developer/Xcode/DerivedData/SSHTerminal-fmapfhpdmeruwgafcvuxgvjxevik/Build/Intermediates.noindex/SSHTerminal.build/Debug-iphonesimulator/SSHTerminal.build/DerivedSources -Xcc -DDEBUG\=1 -emit-objc-header -emit-objc-header-path /Users/daniel/Library/Developer/Xcode/DerivedData/SSHTerminal-fmapfhpdmeruwgafcvuxgvjxevik/Build/Intermediates.noindex/SSHTerminal.build/Debug-iphonesimulator/SSHTerminal.build/Objects-normal/arm64/SSHTerminal-Swift.h -working-directory /Users/daniel/Development/Projects/SSHTerminal -experimental-emit-module-separately -disable-cmo
error: filename "AISettingsView.swift" used twice: '/Users/daniel/Development/Projects/SSHTerminal/SSHTerminal/Features/Settings/AISettingsView.swift' and '/Users/daniel/Development/Projects/SSHTerminal/SSHTerminal/Features/AI/Views/AISettingsView.swift'
note: filenames are used to distinguish private declarations with the same name
error: Filename "AISettingsView.swift" used twice: '/Users/daniel/Development/Projects/SSHTerminal/SSHTerminal/Features/Settings/AISettingsView.swift' and '/Users/daniel/Development/Projects/SSHTerminal/SSHTerminal/Features/AI/Views/AISettingsView.swift' (in target 'SSHTerminal' from project 'SSHTerminal')
note: Filenames are used to distinguish private declarations with the same name (in target 'SSHTerminal' from project 'SSHTerminal')

** BUILD FAILED **


The following build commands failed:
	SwiftDriver SSHTerminal normal arm64 com.apple.xcode.tools.swift.compiler (in target 'SSHTerminal' from project 'SSHTerminal')
	Building project SSHTerminal with scheme SSHTerminal
(2 failures)
